➜  ~ sudo ngrep -d en0 -W byline -q -i "blurb.com"
Password:
interface: en0 (192.168.0.0/255.255.255.0)
filter: ((ip || ip6) || (vlan && (ip || ip6)))
match: blurb.com

T 192.168.0.101:55742 -> 199.232.178.217:443 [AP] #65
........?..?.?].??G+?N?.%?{n.,F?ۻ?..?c?.?- 71.p?.0??b?.?y???.i??.??.?.?%۴..r......?,?0..̨̩̪?+?/..?$?(.k?#?'.g?
?..9?.?..3.?.?̮̭̬...?̫.?.?...?.=.<?8?6.?.?.....5.?..?7?5.?.?...../.?...?...A.........software.blurb.com.........
...
...........#.............0...............
.................................+............-.....3.&.$... ?!.??W.?^i.?1M.j..??.?.??.???X.................................................................................................................................................

T 199.232.178.217:443 -> 192.168.0.101:55742 [A] #70
....C...?..g?)??.`??.H?P?...R.s?.?...?.3ܮ.̨...........?...........#.....
?..
?.
?..Z0..V0..>?.........??r.x0?أ3..?0...*.H.?......0X1.0...U....BE1.0...U.
..GlobalSign nv-sa1.0,..U...%GlobalSign Atlas R3 DV TLS CA 2025 Q10...250206180514Z..260310180513Z0.1.0...U....*.blurb.com0.."0...*.H.?...........0..
.....̷l.&??..??S?x?.??J.??l?z?U?[Q??.?I58?..??.??7?..????.I..6-?U?.h.>?=??d?? NvZ.(_???.j.?.A*e?i??.?f...?A?...??#,?mR?vI.w.?*??.r.{f.?.?V!..?Q..?B?WS$?h.o?...?.?&..J.?.OeW.?HpM??e.?.?3H.?..h8??l?~?.??.?;???mh??cc層?.?Y()L]..?y?ap?!.6.?.?H???..?'?.9CH?? ......?..\0..X0...U....0...*.blurb.com0...U....?.....?0...U.%..0...+.........+.......0...U......?.z??.I?.?SEF??.??0W..U. .P0N0...g.....0B.
+....?2
..0402..+........&https://www.globalsign.com/repository/0...U....?..0.0....+..........0..0@..+.....0..4http://ocsp.globalsign.com/ca/gsatlasr3dvtlsca2025q10J..+.....0..>http://secure.globalsign.com/cacert/gsatlasr3dvtlsca2025q1.crt0...U.#..0...%?(.?}.2?!O?}??8R?.?0H..U...A0?0=?;?9.7http://crl.globalsign.com/ca/gsatlasr3dvtlsca2025q1.crl0..{.
+....?y......k...g.e.u...d?UX.??C.h7.Bw??:????6nF??.ʩ?....?o??.....F0D. 6?~0..??-??_82?Y.??E?^jy??.?.??b. =?..Pw??.??? ?..EY
b??9..+?k=.p?.u.?8?..|.?D_[????n?.Y?G
i..??.?.X?....?p.......F0D. >3Ӣ.?!?.?h+w9?.]??Y@L?/?.b[...?. E?..3[.?...?)?.???&|?i?..?./w"T..u.d.?l?.?..?...??O(.?.5'????.?}??....?p.?.....F0D. |?.EY?-8.?.?.a.?.h??UE.?..o`?.g?. 5.8OJ.?FY???..Y?0?.]..?

T 192.168.0.101:55743 -> 67.226.216.15:80 [AP] #94
GET /cms/starting_prices HTTP/1.1.
Host: www.blurb.com.
User-Agent: Blurb.
Connection: Keep-Alive.
Accept-Encoding: gzip, deflate.
Accept-Language: en-US,*.
.


T 192.168.0.101:55744 -> 67.226.216.30:443 [AP] #95
........?..?y.????=zݨU;?2?..?.?.?1)b.?.??? ?u?uDf58.?...?:.?....?.?.?.?y?xG.r......?,?0..̨̩̪?+?/..?$?(.k?#?'.g?
?..9?.?..3.?.?̮̭̬...?̫.?.?...?.=.<?8?6.?.?.....5.?..?7?5.?.?...../.?...?...A.........blurb-api.blurb.com.........
...
...........#.............0...............
.................................+............-.....3.&.$... ?U??..2.?U????..%.?= ???+??u?<?.................................................................................................................................................

T 67.226.216.15:80 -> 192.168.0.101:55743 [AP] #96
HTTP/1.0 301 Moved Permanently.
Location: https://www.blurb.com/cms/starting_prices.
Server: BigIP.
Connection: Keep-Alive.
Content-Length: 0.
.


T 67.226.216.30:443 -> 192.168.0.101:55744 [A] #99
...._...[..?f??.?.??.?3.wm?n?x?-I.ܨ_\?.?M .G?.<k??0?.uds6.j?8+.6.?F?f.?..??/...?......................?...?..?..?0..?0..۠.......$?.??..?c...??{0...*.H.?......0Y1.0...U....US1.0...U.
..DigiCert Inc1301..U...*DigiCert Global G2 TLS RSA SHA256 2020 CA10...240716000000Z..250807235959Z0d1.0...U....US1.0...U...
Washington1.0...U....Tukwila1.0...U.
..RPI Print, Inc.1.0...U....*.blurb.com0.."0...*.H.?...........0..
.....?~.9U=-??..P?9..??U.v??Y..?~T..f?..?W.x?.D.???.?f....~?s?.<H.C...ibqW?V?-y.?.?.5)?e
,.??Sg.8??Cm?.??l
.K.8A?!.?2?l?Q??D???X?C??..?.?M*??DP??
?d7?.?9?.?..hH??/]ٵg.*~L.$....c??"?Jr?p??
..C???by&xk.?T??.C.?...??b...??..<???X8E?.?~??-Y?J..?.S2?)?H.DB.M??.bS??.....?..?0..?0...U.#..0...t..?f??7?Ͻ)7?..???.0...U........?+.t?. 4/.?c.ſ?".0;..U...402..*.blurb.com..blurb.com..pdx-vcenter-01.blurb.com0>..U. .70503..g.....0)0'..+.........http://www.digicert.com/CPS0...U....?.....?0...U.%..0...+.........+.......0....U.....0..0H?F?D.Bhttp://crl3.digicert.com/DigiCertGlobalG2TLSRSASHA2562020CA1-1.crl0H?F?D.Bhttp://crl4.digicert.com/DigiCertGlobalG2TLSRSASHA2562020CA1-1.crl0....+........{0y0$..+.....0...http://ocsp.digicert.com0Q..+.....0..Ehttp://cacerts.digicert.com/DigiCertGlobalG2TLSRSASHA2562020CA1-1.crt0...U....?..0.0..|.
+....?y......l...h.f.u.???4.??..?.2??.?=.P??.:..v
,???*....?g.?.....F0D. Ue..?.Q?Q:SȮQ~.?...??.??.?.??. vr=?ު?X\??.?(8?Q?..???s?j.??ͱ.u.??1c@w.?.A.?q????@?...??.2.?.7.P....?g....

T 192.168.0.101:55745 -> 67.226.216.15:443 [AP] #112
........?..`t???.F[..??.???}.l??.?+??.?.Ƣ .&?G....έ?R?.??.?..K=.Ja??.x?\D.r......?,?0..̨̩̪?+?/..?$?(.k?#?'.g?
?..9?.?..3.?.?̮̭̬...?̫.?.?...?.=.<?8?6.?.?.....5.?..?7?5.?.?...../.?...?...A.........www.blurb.com.........
...
...........#.............0...............
.................................+............-.....3.&.$... ...?O? ??.}?.x4?K??E?8b{H.}.\..d......................................................................................................................................................

T 67.226.216.15:443 -> 192.168.0.101:55745 [A] #114
....[...W..i?K???k..E?i.v..C.???.?{?..??.?  9E?.|???.lx6?`?.?G?v$.o?W.?)U?Ob?/...?..................?...?..?..?0..?0..۠.......$?.??..?c...??{0...*.H.?......0Y1.0...U....US1.0...U.
..DigiCert Inc1301..U...*DigiCert Global G2 TLS RSA SHA256 2020 CA10...240716000000Z..250807235959Z0d1.0...U....US1.0...U...
Washington1.0...U....Tukwila1.0...U.
..RPI Print, Inc.1.0...U....*.blurb.com0.."0...*.H.?...........0..
.....?~.9U=-??..P?9..??U.v??Y..?~T..f?..?W.x?.D.???.?f....~?s?.<H.C...ibqW?V?-y.?.?.5)?e
,.??Sg.8??Cm?.??l
.K.8A?!.?2?l?Q??D???X?C??..?.?M*??DP??
?d7?.?9?.?..hH??/]ٵg.*~L.$....c??"?Jr?p??
..C???by&xk.?T??.C.?...??b...??..<???X8E?.?~??-Y?J..?.S2?)?H.DB.M??.bS??.....?..?0..?0...U.#..0...t..?f??7?Ͻ)7?..???.0...U........?+.t?. 4/.?c.ſ?".0;..U...402..*.blurb.com..blurb.com..pdx-vcenter-01.blurb.com0>..U. .70503..g.....0)0'..+.........http://www.digicert.com/CPS0...U....?.....?0...U.%..0...+.........+.......0....U.....0..0H?F?D.Bhttp://crl3.digicert.com/DigiCertGlobalG2TLSRSASHA2562020CA1-1.crl0H?F?D.Bhttp://crl4.digicert.com/DigiCertGlobalG2TLSRSASHA2562020CA1-1.crl0....+........{0y0$..+.....0...http://ocsp.digicert.com0Q..+.....0..Ehttp://cacerts.digicert.com/DigiCertGlobalG2TLSRSASHA2562020CA1-1.crt0...U....?..0.0..|.
+....?y......l...h.f.u.???4.??..?.2??.?=.P??.:..v
,???*....?g.?.....F0D. Ue..?.Q?Q:SȮQ~.?...??.??.?.??. vr=?ު?X\??.?(8?Q?..???s?j.??ͱ.u.??1c@w.?.A.?q????@?...??.2.?.7.P....?g.......F

T 192.168.0.101:55837 -> 52.89.248.76:443 [AP] #756
........?..R.??.l?")?????.??.j.;??P.2.a.&Ѷ ?.??Z>.ν)B:#.(.~.??Ը?Ӽ?.???g..r......?,?0..̨̩̪?+?/..?$?(.k?#?'.g?
?..9?.?..3.?.?̮̭̬...?̫.?.?...?.=.<?8?6.?.?.....5.?..?7?5.?.?...../.?...?...A.........clientevents.blurb.com.........
...
...........#.............0...............
.................................+............-.....3.&.$... 3F?|X.zV+8??.Y..??Ec?..>?5?..U6_.............................................................................................................................................



















T 192.168.0.101:56347 -> 199.232.178.217:443 [AP] #7358
........?...;???5..ZG/.!.W???3<??? ..aV?q`? ?..?????+?h??>RA`?..?.?.???.??x.r......?,?0..̨̩̪?+?/..?$?(.k?#?'.g?
?..9?.?..3.?.?̮̭̬...?̫.?.?...?.=.<?8?6.?.?.....5.?..?7?5.?.?...../.?...?...A.........software.blurb.com.........
...
...........#.............0...............
.................................+............-.....3.&.$... Z???K?..n.??t?\g.?u?.?.???.?)?~.................................................................................................................................................

T 199.232.178.217:443 -> 192.168.0.101:56347 [A] #7360
....C...?..g?+..??.??.x?K??..t????..???.B.̨...........?...........#.....
?..
?.
?..Z0..V0..>?.........??r.x0?أ3..?0...*.H.?......0X1.0...U....BE1.0...U.
..GlobalSign nv-sa1.0,..U...%GlobalSign Atlas R3 DV TLS CA 2025 Q10...250206180514Z..260310180513Z0.1.0...U....*.blurb.com0.."0...*.H.?...........0..
.....̷l.&??..??S?x?.??J.??l?z?U?[Q??.?I58?..??.??7?..????.I..6-?U?.h.>?=??d?? NvZ.(_???.j.?.A*e?i??.?f...?A?...??#,?mR?vI.w.?*??.r.{f.?.?V!..?Q..?B?WS$?h.o?...?.?&..J.?.OeW.?HpM??e.?.?3H.?..h8??l?~?.??.?;???mh??cc層?.?Y()L]..?y?ap?!.6.?.?H???..?'?.9CH?? ......?..\0..X0...U....0...*.blurb.com0...U....?.....?0...U.%..0...+.........+.......0...U......?.z??.I?.?SEF??.??0W..U. .P0N0...g.....0B.
+....?2
..0402..+........&https://www.globalsign.com/repository/0...U....?..0.0....+..........0..0@..+.....0..4http://ocsp.globalsign.com/ca/gsatlasr3dvtlsca2025q10J..+.....0..>http://secure.globalsign.com/cacert/gsatlasr3dvtlsca2025q1.crt0...U.#..0...%?(.?}.2?!O?}??8R?.?0H..U...A0?0=?;?9.7http://crl.globalsign.com/ca/gsatlasr3dvtlsca2025q1.crl0..{.
+....?y......k...g.e.u...d?UX.??C.h7.Bw??:????6nF??.ʩ?....?o??.....F0D. 6?~0..??-??_82?Y.??E?^jy??.?.??b. =?..Pw??.??? ?..EY
b??9..+?k=.p?.u.?8?..|.?D_[????n?.Y?G
i..??.?.X?....?p.......F0D. >3Ӣ.?!?.?h+w9?.]??Y@L?/?.b[...?. E?..3[.?...?)?.???&|?i?..?./w"T..u.d.?l?.?..?...??O(.?.5'????.?}??....?p.?.....F0D. |?.EY?-8.?.?.a.?.h??UE.?..o`?.g?. 5.8OJ.?FY???..Y?0?.]..?

T 192.168.0.101:56346 -> 67.226.216.30:443 [AP] #7376
........?....^.d?.?!.8K?.??fMn?.?..??~.?.f? ??Ki?R??h..??:.W?.?.?R.???V:_7~b.r......?,?0..̨̩̪?+?/..?$?(.k?#?'.g?
?..9?.?..3.?.?̮̭̬...?̫.?.?...?.=.<?8?6.?.?.....5.?..?7?5.?.?...../.?...?...A.........blurb-api.blurb.com.........
...
...........#.............0...............
.................................+............-.....3.&.$... p[?r/n?%ld?????K...?.m?ý.?..k S................................................................................................................................................

T 67.226.216.30:443 -> 192.168.0.101:56346 [A] #7378
...._...[....?$x.?.?Ḫ?.l?4.?c?|?.?0.?w[$i m?&Z?.K.?..)??S.??.?'.?q{?kuI.cf?/...?......................?...?..?..?0..?0..۠.......$?.??..?c...??{0...*.H.?......0Y1.0...U....US1.0...U.
..DigiCert Inc1301..U...*DigiCert Global G2 TLS RSA SHA256 2020 CA10...240716000000Z..250807235959Z0d1.0...U....US1.0...U...
Washington1.0...U....Tukwila1.0...U.
..RPI Print, Inc.1.0...U....*.blurb.com0.."0...*.H.?...........0..
.....?~.9U=-??..P?9..??U.v??Y..?~T..f?..?W.x?.D.???.?f....~?s?.<H.C...ibqW?V?-y.?.?.5)?e
,.??Sg.8??Cm?.??l
.K.8A?!.?2?l?Q??D???X?C??..?.?M*??DP??
?d7?.?9?.?..hH??/]ٵg.*~L.$....c??"?Jr?p??
..C???by&xk.?T??.C.?...??b...??..<???X8E?.?~??-Y?J..?.S2?)?H.DB.M??.bS??.....?..?0..?0...U.#..0...t..?f??7?Ͻ)7?..???.0...U........?+.t?. 4/.?c.ſ?".0;..U...402..*.blurb.com..blurb.com..pdx-vcenter-01.blurb.com0>..U. .70503..g.....0)0'..+.........http://www.digicert.com/CPS0...U....?.....?0...U.%..0...+.........+.......0....U.....0..0H?F?D.Bhttp://crl3.digicert.com/DigiCertGlobalG2TLSRSASHA2562020CA1-1.crl0H?F?D.Bhttp://crl4.digicert.com/DigiCertGlobalG2TLSRSASHA2562020CA1-1.crl0....+........{0y0$..+.....0...http://ocsp.digicert.com0Q..+.....0..Ehttp://cacerts.digicert.com/DigiCertGlobalG2TLSRSASHA2562020CA1-1.crt0...U....?..0.0..|.
+....?y......l...h.f.u.???4.??..?.2??.?=.P??.:..v
,???*....?g.?.....F0D. Ue..?.Q?Q:SȮQ~.?...??.??.?.??. vr=?ު?X\??.?(8?Q?..???s?j.??ͱ.u.??1c@w.?.A.?q????@?...??.2.?.7.P....?g....


















T 192.168.0.101:56419 -> 50.112.71.227:443 [AP] #8300
........?..X?.;??)?.?>??|i?.?=?.%c*.?.n?.9 l#??.:?O?..u?-7pA?kU?.???.]=?...r......?,?0..̨̩̪?+?/..?$?(.k?#?'.g?
?..9?.?..3.?.?̮̭̬...?̫.?.?...?.=.<?8?6.?.?.....5.?..?7?5.?.?...../.?...?...A.........clientevents.blurb.com.........
...
...........#.............0...............
.................................+............-.....3.&.$... ...?/.=.?.\?@<???? ...Ÿ??..H"46.............................................................................................................................................

T 192.168.0.101:56463 -> 67.226.216.30:443 [AP] #13056
........?..?.Z?;.???!._.??+?.?..D?.g.??p??? O.?.?v7<??ժ\\?y??.??y..?y?..??/.r......?,?0..̨̩̪?+?/..?$?(.k?#?'.g?
?..9?.?..3.?.?̮̭̬...?̫.?.?...?.=.<?8?6.?.?.....5.?..?7?5.?.?...../.?...?...A.........blurb-api.blurb.com.........
...
...........#.............0...............
.................................+............-.....3.&.$... ???????y?D.??m4'?$M?5?h.?6)..Sj................................................................................................................................................

T 67.226.216.30:443 -> 192.168.0.101:56463 [A] #13062
...._...[..%iP.%??) ..?.???a.?s??g+y?.A??;Z ?p.ˮ5..?9?..}???.Q?.?.?@.?..??/...?......................?...?..?..?0..?0..۠.......$?.??..?c...??{0...*.H.?......0Y1.0...U....US1.0...U.
..DigiCert Inc1301..U...*DigiCert Global G2 TLS RSA SHA256 2020 CA10...240716000000Z..250807235959Z0d1.0...U....US1.0...U...
Washington1.0...U....Tukwila1.0...U.
..RPI Print, Inc.1.0...U....*.blurb.com0.."0...*.H.?...........0..
.....?~.9U=-??..P?9..??U.v??Y..?~T..f?..?W.x?.D.???.?f....~?s?.<H.C...ibqW?V?-y.?.?.5)?e
,.??Sg.8??Cm?.??l
.K.8A?!.?2?l?Q??D???X?C??..?.?M*??DP??
?d7?.?9?.?..hH??/]ٵg.*~L.$....c??"?Jr?p??
..C???by&xk.?T??.C.?...??b...??..<???X8E?.?~??-Y?J..?.S2?)?H.DB.M??.bS??.....?..?0..?0...U.#..0...t..?f??7?Ͻ)7?..???.0...U........?+.t?. 4/.?c.ſ?".0;..U...402..*.blurb.com..blurb.com..pdx-vcenter-01.blurb.com0>..U. .70503..g.....0)0'..+.........http://www.digicert.com/CPS0...U....?.....?0...U.%..0...+.........+.......0....U.....0..0H?F?D.Bhttp://crl3.digicert.com/DigiCertGlobalG2TLSRSASHA2562020CA1-1.crl0H?F?D.Bhttp://crl4.digicert.com/DigiCertGlobalG2TLSRSASHA2562020CA1-1.crl0....+........{0y0$..+.....0...http://ocsp.digicert.com0Q..+.....0..Ehttp://cacerts.digicert.com/DigiCertGlobalG2TLSRSASHA2562020CA1-1.crt0...U....?..0.0..|.
+....?y......l...h.f.u.???4.??..?.2??.?=.P??.:..v
,???*....?g.?.....F0D. Ue..?.Q?Q:SȮQ~.?...??.??.?.??. vr=?ު?X\??.?(8?Q?..???s?j.??ͱ.u.??1c@w.?.A.?q????@?...??.2.?.7.P....?g....

T 192.168.0.101:56472 -> 67.226.216.30:443 [AP] #13169
........?..?U?.?????.....O.9?.fr?Y..??G?+|  m?&Z?.K.?..)??S.??.?'.?q{?kuI.cf.r......?,?0..̨̩̪?+?/..?$?(.k?#?'.g?
?..9?.?..3.?.?̮̭̬...?̫.?.?...?.=.<?8?6.?.?.....5.?..?7?5.?.?...../.?...?...A.........blurb-api.blurb.com.........
...
...........#.............0...............
.................................+............-.....3.&.$... ?{?C@??:x)#...?;.?v?.b?+R?N}?.?i................................................................................................................................................






















T 192.168.0.101:56538 -> 199.232.178.217:443 [AP] #13770
........?..\?H??.V??`.?.???F.?.%. G?Z&>P.?. ?,???H??(??%.,??.?a.U.?.?????.?#.r......?,?0..̨̩̪?+?/..?$?(.k?#?'.g?
?..9?.?..3.?.?̮̭̬...?̫.?.?...?.=.<?8?6.?.?.....5.?..?7?5.?.?...../.?...?...A.........software.blurb.com.........
...
...........#.............0...............
.................................+............-.....3.&.$... z.0.?.??.?3о.kx.Ū
6ꤹk?"(??/v.................................................................................................................................................

T 199.232.178.217:443 -> 192.168.0.101:56538 [A] #13772
....C...?..g?+?.FP?
!ax?.?.35?[??~.?.G??deu.̨...........?...........#.....
?..
?.
?..Z0..V0..>?.........??r.x0?أ3..?0...*.H.?......0X1.0...U....BE1.0...U.
..GlobalSign nv-sa1.0,..U...%GlobalSign Atlas R3 DV TLS CA 2025 Q10...250206180514Z..260310180513Z0.1.0...U....*.blurb.com0.."0...*.H.?...........0..
.....̷l.&??..??S?x?.??J.??l?z?U?[Q??.?I58?..??.??7?..????.I..6-?U?.h.>?=??d?? NvZ.(_???.j.?.A*e?i??.?f...?A?...??#,?mR?vI.w.?*??.r.{f.?.?V!..?Q..?B?WS$?h.o?...?.?&..J.?.OeW.?HpM??e.?.?3H.?..h8??l?~?.??.?;???mh??cc層?.?Y()L]..?y?ap?!.6.?.?H???..?'?.9CH?? ......?..\0..X0...U....0...*.blurb.com0...U....?.....?0...U.%..0...+.........+.......0...U......?.z??.I?.?SEF??.??0W..U. .P0N0...g.....0B.
+....?2
..0402..+........&https://www.globalsign.com/repository/0...U....?..0.0....+..........0..0@..+.....0..4http://ocsp.globalsign.com/ca/gsatlasr3dvtlsca2025q10J..+.....0..>http://secure.globalsign.com/cacert/gsatlasr3dvtlsca2025q1.crt0...U.#..0...%?(.?}.2?!O?}??8R?.?0H..U...A0?0=?;?9.7http://crl.globalsign.com/ca/gsatlasr3dvtlsca2025q1.crl0..{.
+....?y......k...g.e.u...d?UX.??C.h7.Bw??:????6nF??.ʩ?....?o??.....F0D. 6?~0..??-??_82?Y.??E?^jy??.?.??b. =?..Pw??.??? ?..EY
b??9..+?k=.p?.u.?8?..|.?D_[????n?.Y?G
i..??.?.X?....?p.......F0D. >3Ӣ.?!?.?h+w9?.]??Y@L?/?.b[...?. E?..3[.?...?)?.???&|?i?..?./w"T..u.d.?l?.?..?...??O(.?.5'????.?}??....?p.?.....F0D. |?.EY?-8.?.?.a.?.h??UE.?..o`?.g?. 5.8OJ.?FY???..Y?0?.]..?

T 192.168.0.101:56547 -> 67.226.216.30:443 [AP] #13815
........?...!\...y?!?..h..?^??O???=?z$ ?>?? U.?}l^?.??.?[Pj.]1.?&??Q?.w?...?.r......?,?0..̨̩̪?+?/..?$?(.k?#?'.g?
?..9?.?..3.?.?̮̭̬...?̫.?.?...?.=.<?8?6.?.?.....5.?..?7?5.?.?...../.?...?...A.........blurb-api.blurb.com.........
...
...........#.............0...............
.................................+............-.....3.&.$... ?d.?....?m.?.?I???v.?c?.z.L?ܣ?w................................................................................................................................................

T 67.226.216.30:443 -> 192.168.0.101:56547 [A] #13817
...._...[..????..M..?|d=g-?..??=.??e..1m".Y .x..W????A?;.?~J?&??.?..?(L..?.?/...?......................?...?..?..?0..?0..۠.......$?.??..?c...??{0...*.H.?......0Y1.0...U....US1.0...U.
..DigiCert Inc1301..U...*DigiCert Global G2 TLS RSA SHA256 2020 CA10...240716000000Z..250807235959Z0d1.0...U....US1.0...U...
Washington1.0...U....Tukwila1.0...U.
..RPI Print, Inc.1.0...U....*.blurb.com0.."0...*.H.?...........0..
.....?~.9U=-??..P?9..??U.v??Y..?~T..f?..?W.x?.D.???.?f....~?s?.<H.C...ibqW?V?-y.?.?.5)?e
,.??Sg.8??Cm?.??l
.K.8A?!.?2?l?Q??D???X?C??..?.?M*??DP??
?d7?.?9?.?..hH??/]ٵg.*~L.$....c??"?Jr?p??
..C???by&xk.?T??.C.?...??b...??..<???X8E?.?~??-Y?J..?.S2?)?H.DB.M??.bS??.....?..?0..?0...U.#..0...t..?f??7?Ͻ)7?..???.0...U........?+.t?. 4/.?c.ſ?".0;..U...402..*.blurb.com..blurb.com..pdx-vcenter-01.blurb.com0>..U. .70503..g.....0)0'..+.........http://www.digicert.com/CPS0...U....?.....?0...U.%..0...+.........+.......0....U.....0..0H?F?D.Bhttp://crl3.digicert.com/DigiCertGlobalG2TLSRSASHA2562020CA1-1.crl0H?F?D.Bhttp://crl4.digicert.com/DigiCertGlobalG2TLSRSASHA2562020CA1-1.crl0....+........{0y0$..+.....0...http://ocsp.digicert.com0Q..+.....0..Ehttp://cacerts.digicert.com/DigiCertGlobalG2TLSRSASHA2562020CA1-1.crt0...U....?..0.0..|.
+....?y......l...h.f.u.???4.??..?.2??.?=.P??.:..v
,???*....?g.?.....F0D. Ue..?.Q?Q:SȮQ~.?...??.??.?.??. vr=?ު?X\??.?(8?Q?..???s?j.??ͱ.u.??1c@w.?.A.?q????@?...??.2.?.7.P....?g....

U 192.168.0.101:63449 -> 192.168.0.1:53 #13966
??...........upload-service.builder.blurb.com.....

U 192.168.0.1:53 -> 192.168.0.101:63449 #13968
??...........upload-service.builder.blurb.com.....?........<..,?BZ?........<..,?.??........<..#R.?

T 192.168.0.101:56559 -> 44.232.66.90:443 [AP] #13974
........?..?k..=vW&..?<+IU.w3?l?IVx?
1{??.. ??=c.H?e?...?!?!?....?.._?? ??..r......?,?0..̨̩̪?+?/..?$?(.k?#?'.g?
?..9?.?..3.?.?̮̭̬...?̫.?.?...?.=.<?8?6.?.?.....5.?..?7?5.?.?...../.?...?...A...%.#.. upload-service.builder.blurb.com.........
...
...........#.............0...............
.................................+............-.....3.&.$... V.m?..?].O?D?pA9U..L?3(I??.m?D?q...................................................................................................................................

T 192.168.0.101:56569 -> 44.232.66.90:443 [AP] #17306
........?..
.?.f].???t.<B??.?..g???.f??HZ:. ??M/{.?? swEXv??fr.?A"?????5..?.r......?,?0..̨̩̪?+?/..?$?(.k?#?'.g?
?..9?.?..3.?.?̮̭̬...?̫.?.?...?.=.<?8?6.?.?.....5.?..?7?5.?.?...../.?...?...A...%.#.. upload-service.builder.blurb.com.........
...
...........#.............0...............
.................................+............-.....3.&.$... J.?n"@S..?&..Dui1#-2O)#?.?:??(.g...................................................................................................................................

T 192.168.0.101:56571 -> 44.232.66.90:443 [AP] #17474
........?..Q.ޮ-.?..P4?.????.???.??.??.W?q? Pv???n?.?No?.@?.]?.?{*..L??.?U?/.r......?,?0..̨̩̪?+?/..?$?(.k?#?'.g?
?..9?.?..3.?.?̮̭̬...?̫.?.?...?.=.<?8?6.?.?.....5.?..?7?5.?.?...../.?...?...A...%.#.. upload-service.builder.blurb.com.........
...
...........#.............0...............
.................................+............-.....3.&.$... ? @??.!??Z....?.q??T??...??2np%...................................................................................................................................

T 192.168.0.101:56580 -> 67.226.216.30:443 [AP] #17559
........?..}...?}JXY..Ny.F<?w?./<=b.?.\j??. .x..W????A?;.?~J?&??.?..?(L..?..r......?,?0..̨̩̪?+?/..?$?(.k?#?'.g?
?..9?.?..3.?.?̮̭̬...?̫.?.?...?.=.<?8?6.?.?.....5.?..?7?5.?.?...../.?...?...A.........blurb-api.blurb.com.........
...
...........#.............0...............
.................................+............-.....3.&.$... ?.?.?M.??3?2?.?.m.o?..{.J1?Cb.y................................................................................................................................................

T 192.168.0.101:56597 -> 67.226.216.30:443 [AP] #17721
........?..?.????,7?.h9??hT.?..
?.".Ip.d?.6 .x..W????A?;.?~J?&??.?..?(L..?..r......?,?0..̨̩̪?+?/..?$?(.k?#?'.g?
?..9?.?..3.?.?̮̭̬...?̫.?.?...?.=.<?8?6.?.?.....5.?..?7?5.?.?...../.?...?...A.........blurb-api.blurb.com.........
...
...........#.............0...............
.................................+............-.....3.&.$... ?..p?x?ͷ|?...?%..?.?¹?h:..???P................................................................................................................................................




















T 192.168.0.101:56614 -> 67.226.216.30:443 [AP] #17797
........?..H6.?.??.??#?*.??.?.?..?;>??/q^?. .x..W????A?;.?~J?&??.?..?(L..?..r......?,?0..̨̩̪?+?/..?$?(.k?#?'.g?
?..9?.?..3.?.?̮̭̬...?̫.?.?...?.=.<?8?6.?.?.....5.?..?7?5.?.?...../.?...?...A.........blurb-api.blurb.com.........
...
...........#.............0...............
.................................+............-.....3.&.$... ^?.?.vL?RuӢЯsr.;.+?..c..O.y?O................................................................................................................................................























T 192.168.0.101:56632 -> 67.226.216.30:443 [AP] #18083
........?..c?ah.?.???.?.$s?o.??.???r?~?1... .x..W????A?;.?~J?&??.?..?(L..?..r......?,?0..̨̩̪?+?/..?$?(.k?#?'.g?
?..9?.?..3.?.?̮̭̬...?̫.?.?...?.=.<?8?6.?.?.....5.?..?7?5.?.?...../.?...?...A.........blurb-api.blurb.com.........
...
...........#.............0...............
.................................+............-.....3.&.$... ...Y?.d.??v?? .v?.?.,..??rXR..13................................................................................................................................................

U 192.168.0.101:55703 -> 192.168.0.1:53 #18095
.............www.blurb.com..A..

U 192.168.0.1:53 -> 192.168.0.101:55703 #18101
.............www.blurb.com..A..?..........E.ns-707.awsdns-24.net..awsdns-hostmaster.amazon?........ ......u....

T 192.168.0.101:54741 -> 67.226.216.15:443 [AP] #18112
........?...?.?QK..??5?#?-.?.G???9.?G.?\[? t?bA..??.?r.??x..??[r.?.j??..".T.*

......?,?+̩?0?/̨?
?.?.?......5./?.?..
....??...........www.blurb.com....?.....
...
.......................h2.http/1.1..........................................3.+.)........ ??%gU??(.l+??W?..N?.?.L51.ȸD.U.-.....+..
??...............

......?.................................................................................................................................................................................................

T 67.226.216.15:443 -> 192.168.0.101:54741 [A] #18121
....[...W..??2Z..?ͬ?&?Jt/O?@7?DQ??.?.e"p<I )uC?m?&[?.?Z?.?B?;v.Գ.?i?..E?.?/...?..................?...?..?..?0..?0..۠.......$?.??..?c...??{0...*.H.?......0Y1.0...U....US1.0...U.
..DigiCert Inc1301..U...*DigiCert Global G2 TLS RSA SHA256 2020 CA10...240716000000Z..250807235959Z0d1.0...U....US1.0...U...
Washington1.0...U....Tukwila1.0...U.
..RPI Print, Inc.1.0...U....*.blurb.com0.."0...*.H.?...........0..
.....?~.9U=-??..P?9..??U.v??Y..?~T..f?..?W.x?.D.???.?f....~?s?.<H.C...ibqW?V?-y.?.?.5)?e
,.??Sg.8??Cm?.??l
.K.8A?!.?2?l?Q??D???X?C??..?.?M*??DP??
?d7?.?9?.?..hH??/]ٵg.*~L.$....c??"?Jr?p??
..C???by&xk.?T??.C.?...??b...??..<???X8E?.?~??-Y?J..?.S2?)?H.DB.M??.bS??.....?..?0..?0...U.#..0...t..?f??7?Ͻ)7?..???.0...U........?+.t?. 4/.?c.ſ?".0;..U...402..*.blurb.com..blurb.com..pdx-vcenter-01.blurb.com0>..U. .70503..g.....0)0'..+.........http://www.digicert.com/CPS0...U....?.....?0...U.%..0...+.........+.......0....U.....0..0H?F?D.Bhttp://crl3.digicert.com/DigiCertGlobalG2TLSRSASHA2562020CA1-1.crl0H?F?D.Bhttp://crl4.digicert.com/DigiCertGlobalG2TLSRSASHA2562020CA1-1.crl0....+........{0y0$..+.....0...http://ocsp.digicert.com0Q..+.....0..Ehttp://cacerts.digicert.com/DigiCertGlobalG2TLSRSASHA2562020CA1-1.crt0...U....?..0.0..|.
+....?y......l...h.f.u.???4.??..?.2??.?=.P??.:..v
,???*....?g.?.....F0D. Ue..?.Q?Q:SȮQ~.?...??.??.?.??. vr=?ު?X\??.?(8?Q?..???s?j.??ͱ.u.??1c@w.?.A.?q????@?...??.2.?.7.P....?g.......F

T 192.168.0.101:54742 -> 67.226.216.15:443 [AP] #18160
........?..??(&?.J¨.....?.&p???Zd?D???.?T? r?Q?m??.0??????p?Y..?8??.?.K.n??.*........?,?+̩?0?/̨?
?.?.?......5./?.?..
....::...........www.blurb.com....?.....
...
.......................http/1.1..........................................3.+.)........ #?.?..OO*?...???.K?.RI?"O?8a???u.-.....+..
??...............??......?....................................................................................................................................................................................................

T 67.226.216.15:443 -> 192.168.0.101:54742 [A] #18171
....[...W..????ͫ?3.U?????6?rS???@??{...? ?.l?.?`?.??;?..??+Na????.`0.?.X??/...?..................?...?..?..?0..?0..۠.......$?.??..?c...??{0...*.H.?......0Y1.0...U....US1.0...U.
..DigiCert Inc1301..U...*DigiCert Global G2 TLS RSA SHA256 2020 CA10...240716000000Z..250807235959Z0d1.0...U....US1.0...U...
Washington1.0...U....Tukwila1.0...U.
..RPI Print, Inc.1.0...U....*.blurb.com0.."0...*.H.?...........0..
.....?~.9U=-??..P?9..??U.v??Y..?~T..f?..?W.x?.D.???.?f....~?s?.<H.C...ibqW?V?-y.?.?.5)?e
,.??Sg.8??Cm?.??l
.K.8A?!.?2?l?Q??D???X?C??..?.?M*??DP??
?d7?.?9?.?..hH??/]ٵg.*~L.$....c??"?Jr?p??
..C???by&xk.?T??.C.?...??b...??..<???X8E?.?~??-Y?J..?.S2?)?H.DB.M??.bS??.....?..?0..?0...U.#..0...t..?f??7?Ͻ)7?..???.0...U........?+.t?. 4/.?c.ſ?".0;..U...402..*.blurb.com..blurb.com..pdx-vcenter-01.blurb.com0>..U. .70503..g.....0)0'..+.........http://www.digicert.com/CPS0...U....?.....?0...U.%..0...+.........+.......0....U.....0..0H?F?D.Bhttp://crl3.digicert.com/DigiCertGlobalG2TLSRSASHA2562020CA1-1.crl0H?F?D.Bhttp://crl4.digicert.com/DigiCertGlobalG2TLSRSASHA2562020CA1-1.crl0....+........{0y0$..+.....0...http://ocsp.digicert.com0Q..+.....0..Ehttp://cacerts.digicert.com/DigiCertGlobalG2TLSRSASHA2562020CA1-1.crt0...U....?..0.0..|.
+....?y......l...h.f.u.???4.??..?.2??.?=.P??.:..v
,???*....?g.?.....F0D. Ue..?.Q?Q:SȮQ~.?...??.??.?.??. vr=?ު?X\??.?(8?Q?..???s?j.??ͱ.u.??1c@w.?.A.?q????@?...??.2.?.7.P....?g.......F

U 192.168.0.101:56728 -> 192.168.0.1:53 #18248
J?...........assets.blurb.com..A..

U 192.168.0.101:51894 -> 192.168.0.1:53 #18249
.?...........assets.blurb.com.....

U 192.168.0.101:58966 -> 192.168.0.1:53 #18250
z...........
production.builder.blurb.com..A..

U 192.168.0.101:63845 -> 192.168.0.1:53 #18251
??..........
production.builder.blurb.com.....

U 192.168.0.1:53 -> 192.168.0.101:56728 #18320
J?...........assets.blurb.com..A..?.......K{...fastly?.?.......K{...w2.shared.global.fastly.net.?T...........ns1?T
hostmaster.fastly?.x9?).......X..:.....

U 192.168.0.1:53 -> 192.168.0.101:51894 #18322
.?...........assets.blurb.com.....?.......K?...fastly?.?.......K?...w2.shared.global.fastly.net.?C..........???

U 192.168.0.1:53 -> 192.168.0.101:63845 #18395
??..........
production.builder.blurb.com.....?.......Q../.d-1i7dum3uk4.execute-api.us-west-2.amazonaws?%?:.......<..#S..?:.......<..#S?H?:.......<..6D?.

U 192.168.0.1:53 -> 192.168.0.101:58966 #18408
z...........
production.builder.blurb.com..A..?.......Q../.d-1i7dum3uk4.execute-api.us-west-2.amazonaws?%?G.........B.ns-508.awsdns-63?%.awsdns-hostmaster.amazon?%....... ......u...Q.

T 192.168.0.101:54743 -> 199.232.178.217:443 [AP] #18409
........?......???m?,??.~Zj??..e??{..X5.??
 ..P?..?T???g??..1..?N?*????...1.***......?,?+̩?0?/̨?
?.?.?......5./?.?..
....??...........assets.blurb.com....?.....
...
??.....................h2.http/1.1..........................................3.+.)??...... ?&?.E.?.E!?.w..r?z??.
.?z.F.?/R.-.....+..
::.......................?..............................................................................................................................................................................................

T 199.232.178.217:443 -> 192.168.0.101:54743 [A] #18443
....l...h..g?+ټ4...F%\._Y|?S?9?[@EG7|????0 .Y?.??.?.???.2???u??
?. Q/.zգ."?/.. ........?.................h2.......
?..
?.
?..Z0..V0..>?.........??r.x0?أ3..?0...*.H.?......0X1.0...U....BE1.0...U.
..GlobalSign nv-sa1.0,..U...%GlobalSign Atlas R3 DV TLS CA 2025 Q10...250206180514Z..260310180513Z0.1.0...U....*.blurb.com0.."0...*.H.?...........0..
.....̷l.&??..??S?x?.??J.??l?z?U?[Q??.?I58?..??.??7?..????.I..6-?U?.h.>?=??d?? NvZ.(_???.j.?.A*e?i??.?f...?A?...??#,?mR?vI.w.?*??.r.{f.?.?V!..?Q..?B?WS$?h.o?...?.?&..J.?.OeW.?HpM??e.?.?3H.?..h8??l?~?.??.?;???mh??cc層?.?Y()L]..?y?ap?!.6.?.?H???..?'?.9CH?? ......?..\0..X0...U....0...*.blurb.com0...U....?.....?0...U.%..0...+.........+.......0...U......?.z??.I?.?SEF??.??0W..U. .P0N0...g.....0B.
+....?2
..0402..+........&https://www.globalsign.com/repository/0...U....?..0.0....+..........0..0@..+.....0..4http://ocsp.globalsign.com/ca/gsatlasr3dvtlsca2025q10J..+.....0..>http://secure.globalsign.com/cacert/gsatlasr3dvtlsca2025q1.crt0...U.#..0...%?(.?}.2?!O?}??8R?.?0H..U...A0?0=?;?9.7http://crl.globalsign.com/ca/gsatlasr3dvtlsca2025q1.crl0..{.
+....?y......k...g.e.u...d?UX.??C.h7.Bw??:????6nF??.ʩ?....?o??.....F0D. 6?~0..??-??_82?Y.??E?^jy??.?.??b. =?..Pw??.??? ?..EY
b??9..+?k=.p?.u.?8?..|.?D_[????n?.Y?G
i..??.?.X?....?p.......F0D. >3Ӣ.?!?.?h+w9?.]??Y@L?/?.b[...?. E?..3[.?...?)?.???&|?i?..?./w"T..u.d.?l?.?..?...??O(.?.5'????.?}??....?p.?.....F0D. |?.EY?-8.?.?.a.?

T 192.168.0.101:54744 -> 35.83.1.22:443 [AP] #18559
........?...?c?4>J???ʮ???^?..?.Q??.TY??p?? h.?T1/`?..2.?9?x???.n?.???).G(.*::......?,?+̩?0?/̨?
?.?.?......5./?.?..
....ZZ.....!.....production.builder.blurb.com....?.....
...
JJ.....................h2.http/1.1..........................................3.+.)JJ...... ..a??>T6??.:xA.)???%?.?J?EN.p?3.-.....+..
??...............

......?..................................................................................................................................................................................

T 192.168.0.101:54760 -> 67.226.216.15:443 [AP] #22125
........?..)??=
?3?.?.2p?a???.?$$g,??;.???2 ???X?[?Ys?Vul.ޮ6.t.0?Ip?.4.%-76.*........?,?+̩?0?/̨?
?.?.?......5./?.?..
....??...........www.blurb.com....?.....
...
.......................http/1.1..........................................3.+.)........ ??@.?.????Ew
....PQ.#,b?d.'_9q?8.-.....+..
??.......................?....................................................................................................................................................................................................

T 192.168.0.101:54759 -> 67.226.216.15:443 [AP] #22126
........?...H}.????....O??w.;Ie..?..ت.??.? N?]??_.?G.0????r?w?.sK.f?{.?4R..*ZZ......?,?+̩?0?/̨?
?.?.?......5./?.?..
....zz...........www.blurb.com....?.....
...
ZZ.....................http/1.1..........................................3.+.)ZZ...... .r?.?.w=.??0??/q??kڡ??G???l?X=.-.....+..
??.......................?....................................................................................................................................................................................................

T 67.226.216.15:443 -> 192.168.0.101:54759 [A] #22155
....[...W...F2s??Pv?4.;??.??H??qP.??.MN?m?? )uC?m?&[?..Y?.?B.?u.Գ.???..E?.?/...?..................?...?..?..?0..?0..۠.......$?.??..?c...??{0...*.H.?......0Y1.0...U....US1.0...U.
..DigiCert Inc1301..U...*DigiCert Global G2 TLS RSA SHA256 2020 CA10...240716000000Z..250807235959Z0d1.0...U....US1.0...U...
Washington1.0...U....Tukwila1.0...U.
..RPI Print, Inc.1.0...U....*.blurb.com0.."0...*.H.?...........0..
.....?~.9U=-??..P?9..??U.v??Y..?~T..f?..?W.x?.D.???.?f....~?s?.<H.C...ibqW?V?-y.?.?.5)?e
,.??Sg.8??Cm?.??l
.K.8A?!.?2?l?Q??D???X?C??..?.?M*??DP??
?d7?.?9?.?..hH??/]ٵg.*~L.$....c??"?Jr?p??
..C???by&xk.?T??.C.?...??b...??..<???X8E?.?~??-Y?J..?.S2?)?H.DB.M??.bS??.....?..?0..?0...U.#..0...t..?f??7?Ͻ)7?..???.0...U........?+.t?. 4/.?c.ſ?".0;..U...402..*.blurb.com..blurb.com..pdx-vcenter-01.blurb.com0>..U. .70503..g.....0)0'..+.........http://www.digicert.com/CPS0...U....?.....?0...U.%..0...+.........+.......0....U.....0..0H?F?D.Bhttp://crl3.digicert.com/DigiCertGlobalG2TLSRSASHA2562020CA1-1.crl0H?F?D.Bhttp://crl4.digicert.com/DigiCertGlobalG2TLSRSASHA2562020CA1-1.crl0....+........{0y0$..+.....0...http://ocsp.digicert.com0Q..+.....0..Ehttp://cacerts.digicert.com/DigiCertGlobalG2TLSRSASHA2562020CA1-1.crt0...U....?..0.0..|.
+....?y......l...h.f.u.???4.??..?.2??.?=.P??.:..v
,???*....?g.?.....F0D. Ue..?.Q?Q:SȮQ~.?...??.??.?.??. vr=?ު?X\??.?(8?Q?..???s?j.??ͱ.u.??1c@w.?.A.?q????@?...??.2.?.7.P....?g.......F

T 67.226.216.15:443 -> 192.168.0.101:54760 [A] #22159
....[...W..#??V!v?(7V?:??P?...p?*.?p????<.? *.?[?E?.H.?f..F4???vFM??.6.?W?/...?..................?...?..?..?0..?0..۠.......$?.??..?c...??{0...*.H.?......0Y1.0...U....US1.0...U.
..DigiCert Inc1301..U...*DigiCert Global G2 TLS RSA SHA256 2020 CA10...240716000000Z..250807235959Z0d1.0...U....US1.0...U...
Washington1.0...U....Tukwila1.0...U.
..RPI Print, Inc.1.0...U....*.blurb.com0.."0...*.H.?...........0..
.....?~.9U=-??..P?9..??U.v??Y..?~T..f?..?W.x?.D.???.?f....~?s?.<H.C...ibqW?V?-y.?.?.5)?e
,.??Sg.8??Cm?.??l
.K.8A?!.?2?l?Q??D???X?C??..?.?M*??DP??
?d7?.?9?.?..hH??/]ٵg.*~L.$....c??"?Jr?p??
..C???by&xk.?T??.C.?...??b...??..<???X8E?.?~??-Y?J..?.S2?)?H.DB.M??.bS??.....?..?0..?0...U.#..0...t..?f??7?Ͻ)7?..???.0...U........?+.t?. 4/.?c.ſ?".0;..U...402..*.blurb.com..blurb.com..pdx-vcenter-01.blurb.com0>..U. .70503..g.....0)0'..+.........http://www.digicert.com/CPS0...U....?.....?0...U.%..0...+.........+.......0....U.....0..0H?F?D.Bhttp://crl3.digicert.com/DigiCertGlobalG2TLSRSASHA2562020CA1-1.crl0H?F?D.Bhttp://crl4.digicert.com/DigiCertGlobalG2TLSRSASHA2562020CA1-1.crl0....+........{0y0$..+.....0...http://ocsp.digicert.com0Q..+.....0..Ehttp://cacerts.digicert.com/DigiCertGlobalG2TLSRSASHA2562020CA1-1.crt0...U....?..0.0..|.
+....?y......l...h.f.u.???4.??..?.2??.?=.P??.:..v
,???*....?g.?.....F0D. Ue..?.Q?Q:SȮQ~.?...??.??.?.??. vr=?ު?X\??.?(8?Q?..???s?j.??ͱ.u.??1c@w.?.A.?q????@?...??.2.?.7.P....?g.......F

T 192.168.0.101:54761 -> 199.232.178.217:443 [AP] #22276
........?..?.jL??.?_?Lq??,. ??}1?,_?tU.6... ?.p.?$.oZg\???>cJ.?.C?=??2.?-~:?.*zz......?,?+̩?0?/̨?
?.?.?......5./?.?..
....??...........assets.blurb.com....?.....
...
ZZ.....................h2.http/1.1..........................................3.+.)ZZ...... ?~,*..?..??aG.r:?.N.?m?7/?<?~??@.-.....+..
**...............

......?..............................................................................................................................................................................................

T 199.232.178.217:443 -> 192.168.0.101:54761 [A] #22278
....l...h..g?,,w?"..?NG...?????
.ny?z?q??n nq??t.C.;wS.5k???t.?.?.?c????a??/.. ........?.................h2.......
?..
?.
?..Z0..V0..>?.........??r.x0?أ3..?0...*.H.?......0X1.0...U....BE1.0...U.
..GlobalSign nv-sa1.0,..U...%GlobalSign Atlas R3 DV TLS CA 2025 Q10...250206180514Z..260310180513Z0.1.0...U....*.blurb.com0.."0...*.H.?...........0..
.....̷l.&??..??S?x?.??J.??l?z?U?[Q??.?I58?..??.??7?..????.I..6-?U?.h.>?=??d?? NvZ.(_???.j.?.A*e?i??.?f...?A?...??#,?mR?vI.w.?*??.r.{f.?.?V!..?Q..?B?WS$?h.o?...?.?&..J.?.OeW.?HpM??e.?.?3H.?..h8??l?~?.??.?;???mh??cc層?.?Y()L]..?y?ap?!.6.?.?H???..?'?.9CH?? ......?..\0..X0...U....0...*.blurb.com0...U....?.....?0...U.%..0...+.........+.......0...U......?.z??.I?.?SEF??.??0W..U. .P0N0...g.....0B.
+....?2
..0402..+........&https://www.globalsign.com/repository/0...U....?..0.0....+..........0..0@..+.....0..4http://ocsp.globalsign.com/ca/gsatlasr3dvtlsca2025q10J..+.....0..>http://secure.globalsign.com/cacert/gsatlasr3dvtlsca2025q1.crt0...U.#..0...%?(.?}.2?!O?}??8R?.?0H..U...A0?0=?;?9.7http://crl.globalsign.com/ca/gsatlasr3dvtlsca2025q1.crl0..{.
+....?y......k...g.e.u...d?UX.??C.h7.Bw??:????6nF??.ʩ?....?o??.....F0D. 6?~0..??-??_82?Y.??E?^jy??.?.??b. =?..Pw??.??? ?..EY
b??9..+?k=.p?.u.?8?..|.?D_[????n?.Y?G
i..??.?.X?....?p.......F0D. >3Ӣ.?!?.?h+w9?.]??Y@L?/?.b[...?. E?..3[.?...?)?.???&|?i?..?./w"T..u.d.?l?.?..?...??O(.?.5'????.?}??....?p.?.....F0D. |?.EY?-8.?.?.a.?

T 192.168.0.101:54762 -> 35.83.1.22:443 [AP] #22323
........?..?...?t...? G??`?MP?,&..z?-?@?.ߤ 4?y`??X.⧬?>.TDvW?q???pEVr\Q.@i.*??......?,?+̩?0?/̨?
?.?.?......5./?.?..
....??.....!.....production.builder.blurb.com....?.....
...
??.....................h2.http/1.1..........................................3.+.)??...... .$(+.j.[?}?.??0??g`._.?.\.Z?..-.-.....+..
??...............??......?..................................................................................................................................................................................

T 192.168.0.101:56874 -> 67.226.216.15:443 [AP] #24451
........?...$?fg+????*.??HAo?.gX..?H?VC?.? .._<???M..7?.??C????...h??)???.w.r......?,?0..̨̩̪?+?/..?$?(.k?#?'.g?
?..9?.?..3.?.?̮̭̬...?̫.?.?...?.=.<?8?6.?.?.....5.?..?7?5.?.?...../.?...?...A.........www.blurb.com.........
...
...........#.............0...............
.................................+............-.....3.&.$... Լ?..DL?.?..SV?U?.??H|?)?..D.?........................................................................................................................................................

T 67.226.216.15:443 -> 192.168.0.101:56874 [A] #24453
....[...W..~.q.V?.?.?.3?<.??'?R..ry?'?.??W -??.?\
?uQ6xy..V.??zh'?9x.??.?#&?/...?..................?...?..?..?0..?0..۠.......$?.??..?c...??{0...*.H.?......0Y1.0...U....US1.0...U.
..DigiCert Inc1301..U...*DigiCert Global G2 TLS RSA SHA256 2020 CA10...240716000000Z..250807235959Z0d1.0...U....US1.0...U...
Washington1.0...U....Tukwila1.0...U.
..RPI Print, Inc.1.0...U....*.blurb.com0.."0...*.H.?...........0..
.....?~.9U=-??..P?9..??U.v??Y..?~T..f?..?W.x?.D.???.?f....~?s?.<H.C...ibqW?V?-y.?.?.5)?e
,.??Sg.8??Cm?.??l
.K.8A?!.?2?l?Q??D???X?C??..?.?M*??DP??
?d7?.?9?.?..hH??/]ٵg.*~L.$....c??"?Jr?p??
..C???by&xk.?T??.C.?...??b...??..<???X8E?.?~??-Y?J..?.S2?)?H.DB.M??.bS??.....?..?0..?0...U.#..0...t..?f??7?Ͻ)7?..???.0...U........?+.t?. 4/.?c.ſ?".0;..U...402..*.blurb.com..blurb.com..pdx-vcenter-01.blurb.com0>..U. .70503..g.....0)0'..+.........http://www.digicert.com/CPS0...U....?.....?0...U.%..0...+.........+.......0....U.....0..0H?F?D.Bhttp://crl3.digicert.com/DigiCertGlobalG2TLSRSASHA2562020CA1-1.crl0H?F?D.Bhttp://crl4.digicert.com/DigiCertGlobalG2TLSRSASHA2562020CA1-1.crl0....+........{0y0$..+.....0...http://ocsp.digicert.com0Q..+.....0..Ehttp://cacerts.digicert.com/DigiCertGlobalG2TLSRSASHA2562020CA1-1.crt0...U....?..0.0..|.
+....?y......l...h.f.u.???4.??..?.2??.?=.P??.:..v
,???*....?g.?.....F0D. Ue..?.Q?Q:SȮQ~.?...??.??.?.??. vr=?ު?X\??.?(8?Q?..???s?j.??ͱ.u.??1c@w.?.A.?q????@?...??.2.?.7.P....?g.......F